<?xml version="1.0" encoding="UTF-8"?>
<!-- Generated by org.testng.reporters.JUnitReportReporter -->
<testsuite skipped="0" hostname="DESKTOP-UAOKD3K" name="com.testng.features.Expected_Exception" tests="1" failures="0" timestamp="2022-04-28T00:49:59 IST" time="0.010" errors="0">
  <testcase name="demo" time="0.010" classname="com.testng.features.Expected_Exception"/>
  <system-out/>
</testsuite> <!-- com.testng.features.Expected_Exception -->
