<?xml version="1.0" encoding="UTF-8"?>
<!-- Generated by org.testng.reporters.JUnitReportReporter -->
<testsuite skipped="0" hostname="DESKTOP-UAOKD3K" name="com.testng.features.Dataprovider_Concept" tests="3" failures="0" timestamp="2022-05-02T00:34:23 IST" time="0.017" errors="0">
  <testcase name="credentials" time="0.009" classname="com.testng.features.Dataprovider_Concept"/>
  <system-out/>
  <testcase name="credentials" time="0.004" classname="com.testng.features.Dataprovider_Concept"/>
  <system-out/>
  <testcase name="credentials" time="0.004" classname="com.testng.features.Dataprovider_Concept"/>
  <system-out/>
</testsuite> <!-- com.testng.features.Dataprovider_Concept -->
