<?xml version="1.0" encoding="UTF-8"?>
<!-- Generated by org.testng.reporters.JUnitReportReporter -->
<testsuite skipped="0" hostname="DESKTOP-UAOKD3K" name="com.testng.features.Dependency_concept" tests="2" failures="0" timestamp="2022-04-27T01:30:14 IST" time="0.013" errors="0">
  <testcase name="signin" time="0.011" classname="com.testng.features.Dependency_concept"/>
  <system-out/>
  <testcase name="order" time="0.002" classname="com.testng.features.Dependency_concept"/>
  <system-out/>
</testsuite> <!-- com.testng.features.Dependency_concept -->
