<?xml version="1.0" encoding="UTF-8"?>
<!-- Generated by org.testng.reporters.JUnitReportReporter -->
<testsuite skipped="0" hostname="DESKTOP-UAOKD3K" name="com.testng.features.Parametrization_Concept" tests="1" failures="0" timestamp="2022-05-01T23:30:42 IST" time="0.012" errors="0">
  <testcase name="credentials" time="0.012" classname="com.testng.features.Parametrization_Concept"/>
  <system-out/>
</testsuite> <!-- com.testng.features.Parametrization_Concept -->
