<?xml version="1.0" encoding="UTF-8"?>
<!-- Generated by org.testng.reporters.JUnitReportReporter -->
<testsuite skipped="0" hostname="DESKTOP-UAOKD3K" name="com.testng.features.Simple_Annotations" tests="6" failures="0" timestamp="2022-04-27T00:25:16 IST" time="0.036" errors="0">
  <testcase name="men" time="0.010" classname="com.testng.features.Simple_Annotations"/>
  <system-out/>
  <testcase name="women" time="0.005" classname="com.testng.features.Simple_Annotations"/>
  <system-out/>
  <testcase name="women" time="0.003" classname="com.testng.features.Simple_Annotations"/>
  <system-out/>
  <testcase name="women" time="0.008" classname="com.testng.features.Simple_Annotations"/>
  <system-out/>
  <testcase name="women" time="0.006" classname="com.testng.features.Simple_Annotations"/>
  <system-out/>
  <testcase name="kids" time="0.004" classname="com.testng.features.Simple_Annotations"/>
  <system-out/>
</testsuite> <!-- com.testng.features.Simple_Annotations -->
