<?xml version="1.0" encoding="UTF-8"?>
<!-- Generated by org.testng.reporters.JUnitReportReporter -->
<testsuite skipped="1" hostname="DESKTOP-UAOKD3K" name="com.testng.features.Ignore_Concept" tests="3" failures="0" timestamp="2022-04-27T01:09:06 IST" time="0.013" errors="0">
  <testcase name="footwear" time="0.011" classname="com.testng.features.Ignore_Concept"/>
  <system-out/>
  <testcase name="women" time="0.002" classname="com.testng.features.Ignore_Concept"/>
  <system-out/>
  <testcase name="Bags" classname="com.testng.features.Ignore_Concept">
    <skipped/>
  </testcase> <!-- Bags -->
  <system-out/>
</testsuite> <!-- com.testng.features.Ignore_Concept -->
