<?xml version="1.0" encoding="UTF-8"?>
<!-- Generated by org.testng.reporters.JUnitReportReporter -->
<testsuite skipped="0" hostname="DESKTOP-UAOKD3K" name="com.testng.features.Grouping_Concept" tests="3" failures="0" timestamp="2022-04-27T01:25:42 IST" time="0.016" errors="0">
  <testcase name="orange" time="0.002" classname="com.testng.features.Grouping_Concept"/>
  <system-out/>
  <testcase name="grapes" time="0.010" classname="com.testng.features.Grouping_Concept"/>
  <system-out/>
  <testcase name="pineapple" time="0.004" classname="com.testng.features.Grouping_Concept"/>
  <system-out/>
</testsuite> <!-- com.testng.features.Grouping_Concept -->
